This is the output from my driver file PolyDriver

my1 is Poly[6x^3 + 5x^2 - 4x + 1]
my2 is Poly[-2x^6 - 8x^4 + 32x^2 + 54x + 21]
Adding my1 and my2 gives Poly[-2x^6 - 8x^4 + 6x^3 + 37x^2 + 50x + 22]
Multiplying my1 and my2 gives  Poly[-12x^9 - 10x^8 - 40x^7 - 42x^6 + 224x^5 + 476x^4 + 268x^3 - 79x^2 - 30x + 21]
Subtracting my2 and my2 gives Poly[0]

This is the output from PolyTest
1
Poly[x + 1]
Poly[5x + 5]
Poly[-x - 1]
Poly[0]
Poly[8x^4 + 4x^3 + 2x^2 + x + 1]
Poly[8x^4 + 3x^3 - x + 1]
Poly[8x^4 + 3x^3 - x + 1]
Poly[8x^4 + 3x^3 + 2]
Poly[8x^4 + 4x^3 + 2x^2 + 2x + 2]
Poly[8x^4 + 4x^3 + 2x^2 + 2x + 2]
Poly[x^2 + 2x + 1]
Poly[x^3 + 3x^2 + 3x + 1]
Poly[x^4 + 4x^3 + 6x^2 + 4x + 1]
Poly[x^8 + 8x^7 + 28x^6 + 56x^5 + 70x^4 + 56x^3 + 28x^2 + 8x + 1]
8
